<?xml version="1.0" encoding="UTF-8"?>
<testsuite xmlns:xsi="http://www.w3.org/2001/XMLSchema-instance" xsi:noNamespaceSchemaLocation="https://maven.apache.org/surefire/maven-surefire-plugin/xsd/surefire-test-report.xsd" name="com.armangrewal007.tradingbot.SimpleStrategyTest" time="4.557" tests="1" errors="0" skipped="0" failures="1">
  <properties>
[...]
</properties>
  <testcase name="checkStrategy" classname="com.armangrewal007.tradingbot.SimpleStrategyTest" time="0.149">
    <failure message="Failure, no gains ==&gt; expected: &lt;false&gt; but was: &lt;true&gt;" type="org.opentest4j.AssertionFailedError"><![CDATA[org.opentest4j.AssertionFailedError: Failure, no gains ==> expected: <false> but was: <true>
	at com.armangrewal007.tradingbot.SimpleStrategyTest.checkStrategy(SimpleStrategyTest.java:64)
]]></failure>
    <system-out><![CDATA[05:43:02.836 [main] DEBUG org.springframework.test.context.BootstrapUtils - Instantiating CacheAwareContextLoaderDelegate from class [org.springframework.test.context.cache.DefaultCacheAwareContextLoaderDelegate]
05:43:02.842 [main] DEBUG org.springframework.test.context.BootstrapUtils - Instantiating BootstrapContext using constructor [public org.springframework.test.context.support.DefaultBootstrapContext(java.lang.Class,org.springframework.test.context.CacheAwareContextLoaderDelegate)]
05:43:02.857 [main] DEBUG org.springframework.test.context.BootstrapUtils - Instantiating TestContextBootstrapper for test class [com.armangrewal007.tradingbot.SimpleStrategyTest] from class [org.springframework.boot.test.context.SpringBootTestContextBootstrapper]
05:43:02.865 [main] INFO org.springframework.boot.test.context.SpringBootTestContextBootstrapper - Neither @ContextConfiguration nor @ContextHierarchy found for test class [com.armangrewal007.tradingbot.SimpleStrategyTest], using SpringBootContextLoader
05:43:02.867 [main] DEBUG org.springframework.test.context.support.AbstractContextLoader - Did not detect default resource location for test class [com.armangrewal007.tradingbot.SimpleStrategyTest]: class path resource [com/armangrewal007/tradingbot/SimpleStrategyTest-context.xml] does not exist
05:43:02.867 [main] DEBUG org.springframework.test.context.support.AbstractContextLoader - Did not detect default resource location for test class [com.armangrewal007.tradingbot.SimpleStrategyTest]: class path resource [com/armangrewal007/tradingbot/SimpleStrategyTestContext.groovy] does not exist
05:43:02.867 [main] INFO org.springframework.test.context.support.AbstractContextLoader - Could not detect default resource locations for test class [com.armangrewal007.tradingbot.SimpleStrategyTest]: no resource found for suffixes {-context.xml, Context.groovy}.
05:43:02.867 [main] INFO org.springframework.test.context.support.AnnotationConfigContextLoaderUtils - Could not detect default configuration classes for test class [com.armangrewal007.tradingbot.SimpleStrategyTest]: SimpleStrategyTest does not declare any static, non-private, non-final, nested classes annotated with @Configuration.
05:43:02.887 [main] DEBUG org.springframework.test.context.support.ActiveProfilesUtils - Could not find an 'annotation declaring class' for annotation type [org.springframework.test.context.ActiveProfiles] and class [com.armangrewal007.tradingbot.SimpleStrategyTest]
05:43:02.914 [main] DEBUG org.springframework.context.annotation.ClassPathScanningCandidateComponentProvider - Identified candidate component class: file [/Users/armangrewal/Desktop/Research/trading-bot/target/classes/com/armangrewal007/tradingbot/Application.class]
05:43:02.915 [main] INFO org.springframework.boot.test.context.SpringBootTestContextBootstrapper - Found @SpringBootConfiguration com.armangrewal007.tradingbot.Application for test class com.armangrewal007.tradingbot.SimpleStrategyTest
05:43:02.952 [main] DEBUG org.springframework.boot.test.context.SpringBootTestContextBootstrapper - @TestExecutionListeners is not present for class [com.armangrewal007.tradingbot.SimpleStrategyTest]: using defaults.
05:43:02.952 [main] INFO org.springframework.boot.test.context.SpringBootTestContextBootstrapper - Loaded default TestExecutionListener class names from location [META-INF/spring.factories]: [org.springframework.boot.test.mock.mockito.MockitoTestExecutionListener, org.springframework.boot.test.mock.mockito.ResetMocksTestExecutionListener, org.springframework.boot.test.autoconfigure.restdocs.RestDocsTestExecutionListener, org.springframework.boot.test.autoconfigure.web.client.MockRestServiceServerResetTestExecutionListener, org.springframework.boot.test.autoconfigure.web.servlet.MockMvcPrintOnlyOnFailureTestExecutionListener, org.springframework.boot.test.autoconfigure.web.servlet.WebDriverTestExecutionListener, org.springframework.boot.test.autoconfigure.webservices.client.MockWebServiceServerTestExecutionListener, org.springframework.test.context.web.ServletTestExecutionListener, org.springframework.test.context.support.DirtiesContextBeforeModesTestExecutionListener, org.springframework.test.context.event.ApplicationEventsTestExecutionListener, org.springframework.test.context.support.DependencyInjectionTestExecutionListener, org.springframework.test.context.support.DirtiesContextTestExecutionListener, org.springframework.test.context.transaction.TransactionalTestExecutionListener, org.springframework.test.context.jdbc.SqlScriptsTestExecutionListener, org.springframework.test.context.event.EventPublishingTestExecutionListener]
05:43:02.960 [main] INFO org.springframework.boot.test.context.SpringBootTestContextBootstrapper - Using TestExecutionListeners: [org.springframework.test.context.web.ServletTestExecutionListener@71454b9d, org.springframework.test.context.support.DirtiesContextBeforeModesTestExecutionListener@eda25e5, org.springframework.test.context.event.ApplicationEventsTestExecutionListener@7cf6a5f9, org.springframework.boot.test.mock.mockito.MockitoTestExecutionListener@623e088f, org.springframework.boot.test.autoconfigure.SpringBootDependencyInjectionTestExecutionListener@39fcbef6, org.springframework.test.context.support.DirtiesContextTestExecutionListener@66565121, org.springframework.test.context.transaction.TransactionalTestExecutionListener@2fc6f97f, org.springframework.test.context.jdbc.SqlScriptsTestExecutionListener@3d2ee678, org.springframework.test.context.event.EventPublishingTestExecutionListener@6179e425, org.springframework.boot.test.mock.mockito.ResetMocksTestExecutionListener@35f26e72, org.springframework.boot.test.autoconfigure.restdocs.RestDocsTestExecutionListener@2d6764b2, org.springframework.boot.test.autoconfigure.web.client.MockRestServiceServerResetTestExecutionListener@67304a40, org.springframework.boot.test.autoconfigure.web.servlet.MockMvcPrintOnlyOnFailureTestExecutionListener@49c6c24f, org.springframework.boot.test.autoconfigure.web.servlet.WebDriverTestExecutionListener@6fe1b4fb, org.springframework.boot.test.autoconfigure.webservices.client.MockWebServiceServerTestExecutionListener@79351f41]
05:43:02.962 [main] DEBUG org.springframework.test.context.support.AbstractDirtiesContextTestExecutionListener - Before test class: context [DefaultTestContext@69653e16 testClass = SimpleStrategyTest, testInstance = [null], testMethod = [null], testException = [null], mergedContextConfiguration = [WebMergedContextConfiguration@758705fa testClass = SimpleStrategyTest, locations = '{}', classes = '{class com.armangrewal007.tradingbot.Application}', contextInitializerClasses = '[]', activeProfiles = '{}', propertySourceLocations = '{}', propertySourceProperties = '{org.springframework.boot.test.context.SpringBootTestContextBootstrapper=true}', contextCustomizers = set[[ImportsContextCustomizer@ebaa6cb key = [tech.cassandre.trading.bot.test.mock.TickerFluxMock]], org.springframework.boot.test.context.filter.ExcludeFilterContextCustomizer@eadd4fb, org.springframework.boot.test.json.DuplicateJsonObjectContextCustomizerFactory$DuplicateJsonObjectContextCustomizer@2a8448fa, org.springframework.boot.test.mock.mockito.MockitoContextCustomizer@0, org.springframework.boot.test.web.client.TestRestTemplateContextCustomizer@4b8d604b, org.springframework.boot.test.autoconfigure.actuate.metrics.MetricsExportContextCustomizerFactory$DisableMetricExportContextCustomizer@1c742ed4, org.springframework.boot.test.autoconfigure.properties.PropertyMappingContextCustomizer@0, org.springframework.boot.test.autoconfigure.web.servlet.WebDriverContextCustomizerFactory$Customizer@210ab13f, org.springframework.boot.test.context.SpringBootTestArgs@1, org.springframework.boot.test.context.SpringBootTestWebEnvironment@797badd3], resourceBasePath = 'src/main/webapp', contextLoader = 'org.springframework.boot.test.context.SpringBootContextLoader', parent = [null]], attributes = map['org.springframework.test.context.web.ServletTestExecutionListener.activateListener' -> true]], class annotated with @DirtiesContext [false] with mode [null].

  .   ____          _            __ _ _
 /\\ / ___'_ __ _ _(_)_ __  __ _ \ \ \ \
( ( )\___ | '_ | '_| | '_ \/ _` | \ \ \ \
 \\/  ___)| |_)| | | | | || (_| |  ) ) ) )
  '  |____| .__|_| |_|_| |_\__, | / / / /
 =========|_|==============|___/=/_/_/_/
&amp#27;[32m :: Spring Boot :: &amp#27;[39m             &amp#27;[2m (v2.7.11)&amp#27;[0;39m

&amp#27;[2m2025-03-25 05:43:03.082&amp#27;[0;39m &amp#27;[32m INFO&amp#27;[0;39m &amp#27;[35m94332&amp#27;[0;39m &amp#27;[2m---&amp#27;[0;39m &amp#27;[2m[           main]&amp#27;[0;39m &amp#27;[36mc.a.tradingbot.SimpleStrategyTest       &amp#27;[0;39m &amp#27;[2m:&amp#27;[0;39m Starting SimpleStrategyTest using Java 23.0.2 on Armans-MacBook-Air.local with PID 94332 (started by armangrewal in /Users/armangrewal/Desktop/Research/trading-bot)
&amp#27;[2m2025-03-25 05:43:03.083&amp#27;[0;39m &amp#27;[32m INFO&amp#27;[0;39m &amp#27;[35m94332&amp#27;[0;39m &amp#27;[2m---&amp#27;[0;39m &amp#27;[2m[           main]&amp#27;[0;39m &amp#27;[36mc.a.tradingbot.SimpleStrategyTest       &amp#27;[0;39m &amp#27;[2m:&amp#27;[0;39m No active profile set, falling back to 1 default profile: "default"
&amp#27;[2m2025-03-25 05:43:03.522&amp#27;[0;39m &amp#27;[32m INFO&amp#27;[0;39m &amp#27;[35m94332&amp#27;[0;39m &amp#27;[2m---&amp#27;[0;39m &amp#27;[2m[           main]&amp#27;[0;39m &amp#27;[36m.s.d.r.c.RepositoryConfigurationDelegate&amp#27;[0;39m &amp#27;[2m:&amp#27;[0;39m Bootstrapping Spring Data JPA repositories in DEFAULT mode.
&amp#27;[2m2025-03-25 05:43:03.529&amp#27;[0;39m &amp#27;[32m INFO&amp#27;[0;39m &amp#27;[35m94332&amp#27;[0;39m &amp#27;[2m---&amp#27;[0;39m &amp#27;[2m[           main]&amp#27;[0;39m &amp#27;[36m.s.d.r.c.RepositoryConfigurationDelegate&amp#27;[0;39m &amp#27;[2m:&amp#27;[0;39m Finished Spring Data repository scanning in 3 ms. Found 0 JPA repository interfaces.
&amp#27;[2m2025-03-25 05:43:03.579&amp#27;[0;39m &amp#27;[32m INFO&amp#27;[0;39m &amp#27;[35m94332&amp#27;[0;39m &amp#27;[2m---&amp#27;[0;39m &amp#27;[2m[           main]&amp#27;[0;39m &amp#27;[36m.s.d.r.c.RepositoryConfigurationDelegate&amp#27;[0;39m &amp#27;[2m:&amp#27;[0;39m Bootstrapping Spring Data JPA repositories in DEFAULT mode.
&amp#27;[2m2025-03-25 05:43:03.686&amp#27;[0;39m &amp#27;[32m INFO&amp#27;[0;39m &amp#27;[35m94332&amp#27;[0;39m &amp#27;[2m---&amp#27;[0;39m &amp#27;[2m[           main]&amp#27;[0;39m &amp#27;[36m.s.d.r.c.RepositoryConfigurationDelegate&amp#27;[0;39m &amp#27;[2m:&amp#27;[0;39m Finished Spring Data repository scanning in 106 ms. Found 7 JPA repository interfaces.
&amp#27;[2m2025-03-25 05:43:04.014&amp#27;[0;39m &amp#27;[32m INFO&amp#27;[0;39m &amp#27;[35m94332&amp#27;[0;39m &amp#27;[2m---&amp#27;[0;39m &amp#27;[2m[           main]&amp#27;[0;39m &amp#27;[36mcom.zaxxer.hikari.HikariDataSource      &amp#27;[0;39m &amp#27;[2m:&amp#27;[0;39m HikariPool-1 - Starting...
&amp#27;[2m2025-03-25 05:43:04.196&amp#27;[0;39m &amp#27;[32m INFO&amp#27;[0;39m &amp#27;[35m94332&amp#27;[0;39m &amp#27;[2m---&amp#27;[0;39m &amp#27;[2m[           main]&amp#27;[0;39m &amp#27;[36mcom.zaxxer.hikari.pool.PoolBase         &amp#27;[0;39m &amp#27;[2m:&amp#27;[0;39m HikariPool-1 - Driver does not support get/set network timeout for connections. (feature not supported)
&amp#27;[2m2025-03-25 05:43:04.196&amp#27;[0;39m &amp#27;[32m INFO&amp#27;[0;39m &amp#27;[35m94332&amp#27;[0;39m &amp#27;[2m---&amp#27;[0;39m &amp#27;[2m[           main]&amp#27;[0;39m &amp#27;[36mcom.zaxxer.hikari.HikariDataSource      &amp#27;[0;39m &amp#27;[2m:&amp#27;[0;39m HikariPool-1 - Start completed.
&amp#27;[2m2025-03-25 05:43:04.226&amp#27;[0;39m &amp#27;[32m INFO&amp#27;[0;39m &amp#27;[35m94332&amp#27;[0;39m &amp#27;[2m---&amp#27;[0;39m &amp#27;[2m[           main]&amp#27;[0;39m &amp#27;[36mliquibase.database                      &amp#27;[0;39m &amp#27;[2m:&amp#27;[0;39m Set default schema name to PUBLIC
&amp#27;[2m2025-03-25 05:43:04.320&amp#27;[0;39m &amp#27;[32m INFO&amp#27;[0;39m &amp#27;[35m94332&amp#27;[0;39m &amp#27;[2m---&amp#27;[0;39m &amp#27;[2m[           main]&amp#27;[0;39m &amp#27;[36mliquibase.lockservice                   &amp#27;[0;39m &amp#27;[2m:&amp#27;[0;39m Successfully acquired change log lock
&amp#27;[2m2025-03-25 05:43:04.333&amp#27;[0;39m &amp#27;[33m WARN&amp#27;[0;39m &amp#27;[35m94332&amp#27;[0;39m &amp#27;[2m---&amp#27;[0;39m &amp#27;[2m[           main]&amp#27;[0;39m &amp#27;[36mliquibase.util                          &amp#27;[0;39m &amp#27;[2m:&amp#27;[0;39m Failed to perform a method call for SnakeYaml because the version of SnakeYaml being used is too old. Consider upgrading to a SnakeYaml version equal to or newer than 1.32, by downloading and installing a newer version of Liquibase (which includes a newer version of SnakeYaml). Loading particularly large JSON and YAML documents (like snapshots) in Liquibase may fail if SnakeYaml is not upgraded.
&amp#27;[2m2025-03-25 05:43:04.553&amp#27;[0;39m &amp#27;[32m INFO&amp#27;[0;39m &amp#27;[35m94332&amp#27;[0;39m &amp#27;[2m---&amp#27;[0;39m &amp#27;[2m[           main]&amp#27;[0;39m &amp#27;[36mliquibase.changelog                     &amp#27;[0;39m &amp#27;[2m:&amp#27;[0;39m Creating database history table with name: PUBLIC.DATABASECHANGELOG
&amp#27;[2m2025-03-25 05:43:04.555&amp#27;[0;39m &amp#27;[32m INFO&amp#27;[0;39m &amp#27;[35m94332&amp#27;[0;39m &amp#27;[2m---&amp#27;[0;39m &amp#27;[2m[           main]&amp#27;[0;39m &amp#27;[36mliquibase.changelog                     &amp#27;[0;39m &amp#27;[2m:&amp#27;[0;39m Reading from PUBLIC.DATABASECHANGELOG
&amp#27;[2m2025-03-25 05:43:04.704&amp#27;[0;39m &amp#27;[32m INFO&amp#27;[0;39m &amp#27;[35m94332&amp#27;[0;39m &amp#27;[2m---&amp#27;[0;39m &amp#27;[2m[           main]&amp#27;[0;39m &amp#27;[36mliquibase.command                       &amp#27;[0;39m &amp#27;[2m:&amp#27;[0;39m Using deploymentId: 2861584557
&amp#27;[2m2025-03-25 05:43:04.710&amp#27;[0;39m &amp#27;[32m INFO&amp#27;[0;39m &amp#27;[35m94332&amp#27;[0;39m &amp#27;[2m---&amp#27;[0;39m &amp#27;[2m[           main]&amp#27;[0;39m &amp#27;[36mliquibase.changelog                     &amp#27;[0;39m &amp#27;[2m:&amp#27;[0;39m Reading from PUBLIC.DATABASECHANGELOG
Running Changeset: db/changelog/db.changelog-4.0.0.xml::changelog-4.0.0::straumat
&amp#27;[2m2025-03-25 05:43:04.748&amp#27;[0;39m &amp#27;[32m INFO&amp#27;[0;39m &amp#27;[35m94332&amp#27;[0;39m &amp#27;[2m---&amp#27;[0;39m &amp#27;[2m[           main]&amp#27;[0;39m &amp#27;[36mliquibase.changelog                     &amp#27;[0;39m &amp#27;[2m:&amp#27;[0;39m Table EXCHANGE_ACCOUNTS created
&amp#27;[2m2025-03-25 05:43:04.749&amp#27;[0;39m &amp#27;[32m INFO&amp#27;[0;39m &amp#27;[35m94332&amp#27;[0;39m &amp#27;[2m---&amp#27;[0;39m &amp#27;[2m[           main]&amp#27;[0;39m &amp#27;[36mliquibase.changelog                     &amp#27;[0;39m &amp#27;[2m:&amp#27;[0;39m Auto-increment added to EXCHANGE_ACCOUNTS.ID
&amp#27;[2m2025-03-25 05:43:04.752&amp#27;[0;39m &amp#27;[32m INFO&amp#27;[0;39m &amp#27;[35m94332&amp#27;[0;39m &amp#27;[2m---&amp#27;[0;39m &amp#27;[2m[           main]&amp#27;[0;39m &amp#27;[36mliquibase.changelog                     &amp#27;[0;39m &amp#27;[2m:&amp#27;[0;39m Table STRATEGIES created
&amp#27;[2m2025-03-25 05:43:04.752&amp#27;[0;39m &amp#27;[32m INFO&amp#27;[0;39m &amp#27;[35m94332&amp#27;[0;39m &amp#27;[2m---&amp#27;[0;39m &amp#27;[2m[           main]&amp#27;[0;39m &amp#27;[36mliquibase.changelog                     &amp#27;[0;39m &amp#27;[2m:&amp#27;[0;39m Auto-increment added to STRATEGIES.ID
&amp#27;[2m2025-03-25 05:43:04.761&amp#27;[0;39m &amp#27;[32m INFO&amp#27;[0;39m &amp#27;[35m94332&amp#27;[0;39m &amp#27;[2m---&amp#27;[0;39m &amp#27;[2m[           main]&amp#27;[0;39m &amp#27;[36mliquibase.changelog                     &amp#27;[0;39m &amp#27;[2m:&amp#27;[0;39m Table POSITIONS created
&amp#27;[2m2025-03-25 05:43:04.761&amp#27;[0;39m &amp#27;[32m INFO&amp#27;[0;39m &amp#27;[35m94332&amp#27;[0;39m &amp#27;[2m---&amp#27;[0;39m &amp#27;[2m[           main]&amp#27;[0;39m &amp#27;[36mliquibase.changelog                     &amp#27;[0;39m &amp#27;[2m:&amp#27;[0;39m Auto-increment added to POSITIONS.ID
&amp#27;[2m2025-03-25 05:43:04.768&amp#27;[0;39m &amp#27;[32m INFO&amp#27;[0;39m &amp#27;[35m94332&amp#27;[0;39m &amp#27;[2m---&amp#27;[0;39m &amp#27;[2m[           main]&amp#27;[0;39m &amp#27;[36mliquibase.changelog                     &amp#27;[0;39m &amp#27;[2m:&amp#27;[0;39m Table ORDERS created
&amp#27;[2m2025-03-25 05:43:04.769&amp#27;[0;39m &amp#27;[32m INFO&amp#27;[0;39m &amp#27;[35m94332&amp#27;[0;39m &amp#27;[2m---&amp#27;[0;39m &amp#27;[2m[           main]&amp#27;[0;39m &amp#27;[36mliquibase.changelog                     &amp#27;[0;39m &amp#27;[2m:&amp#27;[0;39m Auto-increment added to ORDERS.ID
&amp#27;[2m2025-03-25 05:43:04.775&amp#27;[0;39m &amp#27;[32m INFO&amp#27;[0;39m &amp#27;[35m94332&amp#27;[0;39m &amp#27;[2m---&amp#27;[0;39m &amp#27;[2m[           main]&amp#27;[0;39m &amp#27;[36mliquibase.changelog                     &amp#27;[0;39m &amp#27;[2m:&amp#27;[0;39m Table TRADES created
&amp#27;[2m2025-03-25 05:43:04.776&amp#27;[0;39m &amp#27;[32m INFO&amp#27;[0;39m &amp#27;[35m94332&amp#27;[0;39m &amp#27;[2m---&amp#27;[0;39m &amp#27;[2m[           main]&amp#27;[0;39m &amp#27;[36mliquibase.changelog                     &amp#27;[0;39m &amp#27;[2m:&amp#27;[0;39m Auto-increment added to TRADES.ID
&amp#27;[2m2025-03-25 05:43:04.778&amp#27;[0;39m &amp#27;[32m INFO&amp#27;[0;39m &amp#27;[35m94332&amp#27;[0;39m &amp#27;[2m---&amp#27;[0;39m &amp#27;[2m[           main]&amp#27;[0;39m &amp#27;[36mliquibase.changelog                     &amp#27;[0;39m &amp#27;[2m:&amp#27;[0;39m Foreign key constraint added to STRATEGIES (FK_EXCHANGE_ACCOUNT_ID)
&amp#27;[2m2025-03-25 05:43:04.778&amp#27;[0;39m &amp#27;[32m INFO&amp#27;[0;39m &amp#27;[35m94332&amp#27;[0;39m &amp#27;[2m---&amp#27;[0;39m &amp#27;[2m[           main]&amp#27;[0;39m &amp#27;[36mliquibase.changelog                     &amp#27;[0;39m &amp#27;[2m:&amp#27;[0;39m Foreign key constraint added to POSITIONS (FK_STRATEGY_ID)
&amp#27;[2m2025-03-25 05:43:04.779&amp#27;[0;39m &amp#27;[32m INFO&amp#27;[0;39m &amp#27;[35m94332&amp#27;[0;39m &amp#27;[2m---&amp#27;[0;39m &amp#27;[2m[           main]&amp#27;[0;39m &amp#27;[36mliquibase.changelog                     &amp#27;[0;39m &amp#27;[2m:&amp#27;[0;39m Foreign key constraint added to POSITIONS (FK_OPENING_ORDER_ID)
&amp#27;[2m2025-03-25 05:43:04.780&amp#27;[0;39m &amp#27;[32m INFO&amp#27;[0;39m &amp#27;[35m94332&amp#27;[0;39m &amp#27;[2m---&amp#27;[0;39m &amp#27;[2m[           main]&amp#27;[0;39m &amp#27;[36mliquibase.changelog                     &amp#27;[0;39m &amp#27;[2m:&amp#27;[0;39m Foreign key constraint added to POSITIONS (FK_CLOSING_ORDER_ID)
&amp#27;[2m2025-03-25 05:43:04.780&amp#27;[0;39m &amp#27;[32m INFO&amp#27;[0;39m &amp#27;[35m94332&amp#27;[0;39m &amp#27;[2m---&amp#27;[0;39m &amp#27;[2m[           main]&amp#27;[0;39m &amp#27;[36mliquibase.changelog                     &amp#27;[0;39m &amp#27;[2m:&amp#27;[0;39m Foreign key constraint added to ORDERS (FK_STRATEGY_ID)
&amp#27;[2m2025-03-25 05:43:04.781&amp#27;[0;39m &amp#27;[32m INFO&amp#27;[0;39m &amp#27;[35m94332&amp#27;[0;39m &amp#27;[2m---&amp#27;[0;39m &amp#27;[2m[           main]&amp#27;[0;39m &amp#27;[36mliquibase.changelog                     &amp#27;[0;39m &amp#27;[2m:&amp#27;[0;39m Foreign key constraint added to TRADES (FK_ORDER_ID)
&amp#27;[2m2025-03-25 05:43:04.781&amp#27;[0;39m &amp#27;[32m INFO&amp#27;[0;39m &amp#27;[35m94332&amp#27;[0;39m &amp#27;[2m---&amp#27;[0;39m &amp#27;[2m[           main]&amp#27;[0;39m &amp#27;[36mliquibase.changelog                     &amp#27;[0;39m &amp#27;[2m:&amp#27;[0;39m Index IDX_STRATEGIES_STRATEGY_ID created
&amp#27;[2m2025-03-25 05:43:04.782&amp#27;[0;39m &amp#27;[32m INFO&amp#27;[0;39m &amp#27;[35m94332&amp#27;[0;39m &amp#27;[2m---&amp#27;[0;39m &amp#27;[2m[           main]&amp#27;[0;39m &amp#27;[36mliquibase.changelog                     &amp#27;[0;39m &amp#27;[2m:&amp#27;[0;39m Index IDX_POSITIONS_POSITION_ID created
&amp#27;[2m2025-03-25 05:43:04.782&amp#27;[0;39m &amp#27;[32m INFO&amp#27;[0;39m &amp#27;[35m94332&amp#27;[0;39m &amp#27;[2m---&amp#27;[0;39m &amp#27;[2m[           main]&amp#27;[0;39m &amp#27;[36mliquibase.changelog                     &amp#27;[0;39m &amp#27;[2m:&amp#27;[0;39m Index IDX_POSITIONS_STATUS created
&amp#27;[2m2025-03-25 05:43:04.782&amp#27;[0;39m &amp#27;[32m INFO&amp#27;[0;39m &amp#27;[35m94332&amp#27;[0;39m &amp#27;[2m---&amp#27;[0;39m &amp#27;[2m[           main]&amp#27;[0;39m &amp#27;[36mliquibase.changelog                     &amp#27;[0;39m &amp#27;[2m:&amp#27;[0;39m Index IDX_POSITIONS_FK_OPENING_ORDER_ID created
&amp#27;[2m2025-03-25 05:43:04.783&amp#27;[0;39m &amp#27;[32m INFO&amp#27;[0;39m &amp#27;[35m94332&amp#27;[0;39m &amp#27;[2m---&amp#27;[0;39m &amp#27;[2m[           main]&amp#27;[0;39m &amp#27;[36mliquibase.changelog                     &amp#27;[0;39m &amp#27;[2m:&amp#27;[0;39m Index IDX_POSITIONS_FK_CLOSING_ORDER_ID created
&amp#27;[2m2025-03-25 05:43:04.783&amp#27;[0;39m &amp#27;[32m INFO&amp#27;[0;39m &amp#27;[35m94332&amp#27;[0;39m &amp#27;[2m---&amp#27;[0;39m &amp#27;[2m[           main]&amp#27;[0;39m &amp#27;[36mliquibase.changelog                     &amp#27;[0;39m &amp#27;[2m:&amp#27;[0;39m Index IDX_ORDERS_ORDER_ID created
&amp#27;[2m2025-03-25 05:43:04.784&amp#27;[0;39m &amp#27;[32m INFO&amp#27;[0;39m &amp#27;[35m94332&amp#27;[0;39m &amp#27;[2m---&amp#27;[0;39m &amp#27;[2m[           main]&amp#27;[0;39m &amp#27;[36mliquibase.changelog                     &amp#27;[0;39m &amp#27;[2m:&amp#27;[0;39m Index IDX_TRADES_TRADE_ID created
&amp#27;[2m2025-03-25 05:43:04.784&amp#27;[0;39m &amp#27;[32m INFO&amp#27;[0;39m &amp#27;[35m94332&amp#27;[0;39m &amp#27;[2m---&amp#27;[0;39m &amp#27;[2m[           main]&amp#27;[0;39m &amp#27;[36mliquibase.changelog                     &amp#27;[0;39m &amp#27;[2m:&amp#27;[0;39m Index IDX_TRADES_ORDER_ID created
&amp#27;[2m2025-03-25 05:43:04.784&amp#27;[0;39m &amp#27;[32m INFO&amp#27;[0;39m &amp#27;[35m94332&amp#27;[0;39m &amp#27;[2m---&amp#27;[0;39m &amp#27;[2m[           main]&amp#27;[0;39m &amp#27;[36mliquibase.changelog                     &amp#27;[0;39m &amp#27;[2m:&amp#27;[0;39m ChangeSet db/changelog/db.changelog-4.0.0.xml::changelog-4.0.0::straumat ran successfully in 40ms
Running Changeset: db/changelog/db.changelog-4.1.0.xml::changelog-4.1.0::straumat
&amp#27;[2m2025-03-25 05:43:04.788&amp#27;[0;39m &amp#27;[32m INFO&amp#27;[0;39m &amp#27;[35m94332&amp#27;[0;39m &amp#27;[2m---&amp#27;[0;39m &amp#27;[2m[           main]&amp#27;[0;39m &amp#27;[36mliquibase.changelog                     &amp#27;[0;39m &amp#27;[2m:&amp#27;[0;39m Column POSITIONS.LOWEST_PRICE_VALUE renamed to LOWEST_GAIN_PRICE_VALUE
&amp#27;[2m2025-03-25 05:43:04.789&amp#27;[0;39m &amp#27;[32m INFO&amp#27;[0;39m &amp#27;[35m94332&amp#27;[0;39m &amp#27;[2m---&amp#27;[0;39m &amp#27;[2m[           main]&amp#27;[0;39m &amp#27;[36mliquibase.changelog                     &amp#27;[0;39m &amp#27;[2m:&amp#27;[0;39m Column POSITIONS.LOWEST_PRICE_CURRENCY renamed to LOWEST_GAIN_PRICE_CURRENCY
&amp#27;[2m2025-03-25 05:43:04.789&amp#27;[0;39m &amp#27;[32m INFO&amp#27;[0;39m &amp#27;[35m94332&amp#27;[0;39m &amp#27;[2m---&amp#27;[0;39m &amp#27;[2m[           main]&amp#27;[0;39m &amp#27;[36mliquibase.changelog                     &amp#27;[0;39m &amp#27;[2m:&amp#27;[0;39m Column POSITIONS.HIGHEST_PRICE_VALUE renamed to HIGHEST_GAIN_PRICE_VALUE
&amp#27;[2m2025-03-25 05:43:04.790&amp#27;[0;39m &amp#27;[32m INFO&amp#27;[0;39m &amp#27;[35m94332&amp#27;[0;39m &amp#27;[2m---&amp#27;[0;39m &amp#27;[2m[           main]&amp#27;[0;39m &amp#27;[36mliquibase.changelog                     &amp#27;[0;39m &amp#27;[2m:&amp#27;[0;39m Column POSITIONS.HIGHEST_PRICE_CURRENCY renamed to HIGHEST_GAIN_PRICE_CURRENCY
&amp#27;[2m2025-03-25 05:43:04.790&amp#27;[0;39m &amp#27;[32m INFO&amp#27;[0;39m &amp#27;[35m94332&amp#27;[0;39m &amp#27;[2m---&amp#27;[0;39m &amp#27;[2m[           main]&amp#27;[0;39m &amp#27;[36mliquibase.changelog                     &amp#27;[0;39m &amp#27;[2m:&amp#27;[0;39m Column POSITIONS.LATEST_PRICE_VALUE renamed to LATEST_GAIN_PRICE_VALUE
&amp#27;[2m2025-03-25 05:43:04.791&amp#27;[0;39m &amp#27;[32m INFO&amp#27;[0;39m &amp#27;[35m94332&amp#27;[0;39m &amp#27;[2m---&amp#27;[0;39m &amp#27;[2m[           main]&amp#27;[0;39m &amp#27;[36mliquibase.changelog                     &amp#27;[0;39m &amp#27;[2m:&amp#27;[0;39m Column POSITIONS.LATEST_PRICE_CURRENCY renamed to LATEST_GAIN_PRICE_CURRENCY
&amp#27;[2m2025-03-25 05:43:04.791&amp#27;[0;39m &amp#27;[32m INFO&amp#27;[0;39m &amp#27;[35m94332&amp#27;[0;39m &amp#27;[2m---&amp#27;[0;39m &amp#27;[2m[           main]&amp#27;[0;39m &amp#27;[36mliquibase.changelog                     &amp#27;[0;39m &amp#27;[2m:&amp#27;[0;39m ChangeSet db/changelog/db.changelog-4.1.0.xml::changelog-4.1.0::straumat ran successfully in 3ms
Running Changeset: db/changelog/db.changelog-4.1.1.xml::changelog-4.1.1::straumat
&amp#27;[2m2025-03-25 05:43:04.793&amp#27;[0;39m &amp#27;[32m INFO&amp#27;[0;39m &amp#27;[35m94332&amp#27;[0;39m &amp#27;[2m---&amp#27;[0;39m &amp#27;[2m[           main]&amp#27;[0;39m &amp#27;[36mliquibase.changelog                     &amp#27;[0;39m &amp#27;[2m:&amp#27;[0;39m Columns FORCE_CLOSING(boolean) added to POSITIONS
&amp#27;[2m2025-03-25 05:43:04.793&amp#27;[0;39m &amp#27;[32m INFO&amp#27;[0;39m &amp#27;[35m94332&amp#27;[0;39m &amp#27;[2m---&amp#27;[0;39m &amp#27;[2m[           main]&amp#27;[0;39m &amp#27;[36mliquibase.changelog                     &amp#27;[0;39m &amp#27;[2m:&amp#27;[0;39m ChangeSet db/changelog/db.changelog-4.1.1.xml::changelog-4.1.1::straumat ran successfully in 2ms
Running Changeset: db/changelog/db.changelog-5.0.0.xml::changelog-5.0.0::straumat
&amp#27;[2m2025-03-25 05:43:04.795&amp#27;[0;39m &amp#27;[32m INFO&amp#27;[0;39m &amp#27;[35m94332&amp#27;[0;39m &amp#27;[2m---&amp#27;[0;39m &amp#27;[2m[           main]&amp#27;[0;39m &amp#27;[36mliquibase.changelog                     &amp#27;[0;39m &amp#27;[2m:&amp#27;[0;39m Foreign key FK_STRATEGIES_EXCHANGE_ACCOUNT_ID dropped
&amp#27;[2m2025-03-25 05:43:04.795&amp#27;[0;39m &amp#27;[32m INFO&amp#27;[0;39m &amp#27;[35m94332&amp#27;[0;39m &amp#27;[2m---&amp#27;[0;39m &amp#27;[2m[           main]&amp#27;[0;39m &amp#27;[36mliquibase.changelog                     &amp#27;[0;39m &amp#27;[2m:&amp#27;[0;39m Column STRATEGIES.FK_EXCHANGE_ACCOUNT_ID dropped
&amp#27;[2m2025-03-25 05:43:04.796&amp#27;[0;39m &amp#27;[32m INFO&amp#27;[0;39m &amp#27;[35m94332&amp#27;[0;39m &amp#27;[2m---&amp#27;[0;39m &amp#27;[2m[           main]&amp#27;[0;39m &amp#27;[36mliquibase.changelog                     &amp#27;[0;39m &amp#27;[2m:&amp#27;[0;39m Table EXCHANGE_ACCOUNTS dropped
&amp#27;[2m2025-03-25 05:43:04.797&amp#27;[0;39m &amp#27;[32m INFO&amp#27;[0;39m &amp#27;[35m94332&amp#27;[0;39m &amp#27;[2m---&amp#27;[0;39m &amp#27;[2m[           main]&amp#27;[0;39m &amp#27;[36mliquibase.changelog                     &amp#27;[0;39m &amp#27;[2m:&amp#27;[0;39m Columns MARKET_PRICE_VALUE(numeric(16, 8)),MARKET_PRICE_CURRENCY(VARCHAR(255)) added to ORDERS
&amp#27;[2m2025-03-25 05:43:04.798&amp#27;[0;39m &amp#27;[32m INFO&amp#27;[0;39m &amp#27;[35m94332&amp#27;[0;39m &amp#27;[2m---&amp#27;[0;39m &amp#27;[2m[           main]&amp#27;[0;39m &amp#27;[36mliquibase.changelog                     &amp#27;[0;39m &amp#27;[2m:&amp#27;[0;39m Unique constraint added to ORDERS(ORDER_ID)
&amp#27;[2m2025-03-25 05:43:04.798&amp#27;[0;39m &amp#27;[32m INFO&amp#27;[0;39m &amp#27;[35m94332&amp#27;[0;39m &amp#27;[2m---&amp#27;[0;39m &amp#27;[2m[           main]&amp#27;[0;39m &amp#27;[36mliquibase.changelog                     &amp#27;[0;39m &amp#27;[2m:&amp#27;[0;39m Unique constraint added to TRADES(TRADE_ID)
&amp#27;[2m2025-03-25 05:43:04.799&amp#27;[0;39m &amp#27;[32m INFO&amp#27;[0;39m &amp#27;[35m94332&amp#27;[0;39m &amp#27;[2m---&amp#27;[0;39m &amp#27;[2m[           main]&amp#27;[0;39m &amp#27;[36mliquibase.changelog                     &amp#27;[0;39m &amp#27;[2m:&amp#27;[0;39m Index IDX_TRADES_ORDER_ID dropped from table TRADES
&amp#27;[2m2025-03-25 05:43:04.799&amp#27;[0;39m &amp#27;[32m INFO&amp#27;[0;39m &amp#27;[35m94332&amp#27;[0;39m &amp#27;[2m---&amp#27;[0;39m &amp#27;[2m[           main]&amp#27;[0;39m &amp#27;[36mliquibase.changelog                     &amp#27;[0;39m &amp#27;[2m:&amp#27;[0;39m Columns ORDER_ID dropped from TRADES
&amp#27;[2m2025-03-25 05:43:04.800&amp#27;[0;39m &amp#27;[32m INFO&amp#27;[0;39m &amp#27;[35m94332&amp#27;[0;39m &amp#27;[2m---&amp#27;[0;39m &amp#27;[2m[           main]&amp#27;[0;39m &amp#27;[36mliquibase.changelog                     &amp#27;[0;39m &amp#27;[2m:&amp#27;[0;39m Index IDX_POSITIONS_FK_OPENING_ORDER_ID dropped from table POSITIONS
&amp#27;[2m2025-03-25 05:43:04.800&amp#27;[0;39m &amp#27;[32m INFO&amp#27;[0;39m &amp#27;[35m94332&amp#27;[0;39m &amp#27;[2m---&amp#27;[0;39m &amp#27;[2m[           main]&amp#27;[0;39m &amp#27;[36mliquibase.changelog                     &amp#27;[0;39m &amp#27;[2m:&amp#27;[0;39m Index IDX_POSITIONS_FK_CLOSING_ORDER_ID dropped from table POSITIONS
&amp#27;[2m2025-03-25 05:43:04.801&amp#27;[0;39m &amp#27;[32m INFO&amp#27;[0;39m &amp#27;[35m94332&amp#27;[0;39m &amp#27;[2m---&amp#27;[0;39m &amp#27;[2m[           main]&amp#27;[0;39m &amp#27;[36mliquibase.changelog                     &amp#27;[0;39m &amp#27;[2m:&amp#27;[0;39m Columns OPENING_ORDER_ID,CLOSING_ORDER_ID dropped from POSITIONS
&amp#27;[2m2025-03-25 05:43:04.801&amp#27;[0;39m &amp#27;[32m INFO&amp#27;[0;39m &amp#27;[35m94332&amp#27;[0;39m &amp#27;[2m---&amp#27;[0;39m &amp#27;[2m[           main]&amp#27;[0;39m &amp#27;[36mliquibase.changelog                     &amp#27;[0;39m &amp#27;[2m:&amp#27;[0;39m ChangeSet db/changelog/db.changelog-5.0.0.xml::changelog-5.0.0::straumat ran successfully in 7ms
Running Changeset: db/changelog/db.changelog-5.0.3.xml::changelog-5.0.3::straumat
&amp#27;[2m2025-03-25 05:43:04.807&amp#27;[0;39m &amp#27;[32m INFO&amp#27;[0;39m &amp#27;[35m94332&amp#27;[0;39m &amp#27;[2m---&amp#27;[0;39m &amp#27;[2m[           main]&amp#27;[0;39m &amp#27;[36mliquibase.changelog                     &amp#27;[0;39m &amp#27;[2m:&amp#27;[0;39m Table BACKTESTING_TICKERS created
&amp#27;[2m2025-03-25 05:43:04.807&amp#27;[0;39m &amp#27;[32m INFO&amp#27;[0;39m &amp#27;[35m94332&amp#27;[0;39m &amp#27;[2m---&amp#27;[0;39m &amp#27;[2m[           main]&amp#27;[0;39m &amp#27;[36mliquibase.changelog                     &amp#27;[0;39m &amp#27;[2m:&amp#27;[0;39m Index IDX_BACKTESTING_TICKERS_RESPONSE_SEQUENCE_ID created
&amp#27;[2m2025-03-25 05:43:04.808&amp#27;[0;39m &amp#27;[32m INFO&amp#27;[0;39m &amp#27;[35m94332&amp#27;[0;39m &amp#27;[2m---&amp#27;[0;39m &amp#27;[2m[           main]&amp#27;[0;39m &amp#27;[36mliquibase.changelog                     &amp#27;[0;39m &amp#27;[2m:&amp#27;[0;39m ChangeSet db/changelog/db.changelog-5.0.3.xml::changelog-5.0.3::straumat ran successfully in 6ms
Running Changeset: db/changelog/db.changelog-5.0.4.xml::changelog-5.0.4::straumat
&amp#27;[2m2025-03-25 05:43:04.811&amp#27;[0;39m &amp#27;[32m INFO&amp#27;[0;39m &amp#27;[35m94332&amp#27;[0;39m &amp#27;[2m---&amp#27;[0;39m &amp#27;[2m[           main]&amp#27;[0;39m &amp#27;[36mliquibase.changelog                     &amp#27;[0;39m &amp#27;[2m:&amp#27;[0;39m Table IMPORTED_TICKERS created
&amp#27;[2m2025-03-25 05:43:04.811&amp#27;[0;39m &amp#27;[32m INFO&amp#27;[0;39m &amp#27;[35m94332&amp#27;[0;39m &amp#27;[2m---&amp#27;[0;39m &amp#27;[2m[           main]&amp#27;[0;39m &amp#27;[36mliquibase.changelog                     &amp#27;[0;39m &amp#27;[2m:&amp#27;[0;39m Index IDX_IMPORTED_TICKERS_CURRENCY_PAIR_AND_TIMESTAMP created
&amp#27;[2m2025-03-25 05:43:04.811&amp#27;[0;39m &amp#27;[32m INFO&amp#27;[0;39m &amp#27;[35m94332&amp#27;[0;39m &amp#27;[2m---&amp#27;[0;39m &amp#27;[2m[           main]&amp#27;[0;39m &amp#27;[36mliquibase.changelog                     &amp#27;[0;39m &amp#27;[2m:&amp#27;[0;39m ChangeSet db/changelog/db.changelog-5.0.4.xml::changelog-5.0.4::straumat ran successfully in 3ms
Running Changeset: db/changelog/db.changelog-5.0.7.xml::changelog-5.0.7::straumat
&amp#27;[2m2025-03-25 05:43:04.813&amp#27;[0;39m &amp#27;[32m INFO&amp#27;[0;39m &amp#27;[35m94332&amp#27;[0;39m &amp#27;[2m---&amp#27;[0;39m &amp#27;[2m[           main]&amp#27;[0;39m &amp#27;[36mliquibase.changelog                     &amp#27;[0;39m &amp#27;[2m:&amp#27;[0;39m IMPORTED_TICKERS.VOLUME datatype was changed to numeric(30, 12)
&amp#27;[2m2025-03-25 05:43:04.814&amp#27;[0;39m &amp#27;[32m INFO&amp#27;[0;39m &amp#27;[35m94332&amp#27;[0;39m &amp#27;[2m---&amp#27;[0;39m &amp#27;[2m[           main]&amp#27;[0;39m &amp#27;[36mliquibase.changelog                     &amp#27;[0;39m &amp#27;[2m:&amp#27;[0;39m BACKTESTING_TICKERS.VOLUME datatype was changed to numeric(30, 12)
&amp#27;[2m2025-03-25 05:43:04.814&amp#27;[0;39m &amp#27;[32m INFO&amp#27;[0;39m &amp#27;[35m94332&amp#27;[0;39m &amp#27;[2m---&amp#27;[0;39m &amp#27;[2m[           main]&amp#27;[0;39m &amp#27;[36mliquibase.changelog                     &amp#27;[0;39m &amp#27;[2m:&amp#27;[0;39m ChangeSet db/changelog/db.changelog-5.0.7.xml::changelog-5.0.7::straumat ran successfully in 2ms
Running Changeset: db/changelog/db.changelog-5.0.8.xml::changelog-5.0.8::straumat
&amp#27;[2m2025-03-25 05:43:04.816&amp#27;[0;39m &amp#27;[32m INFO&amp#27;[0;39m &amp#27;[35m94332&amp#27;[0;39m &amp#27;[2m---&amp#27;[0;39m &amp#27;[2m[           main]&amp#27;[0;39m &amp#27;[36mliquibase.changelog                     &amp#27;[0;39m &amp#27;[2m:&amp#27;[0;39m Columns BASE_CURRENCY_PRECISION(INTEGER),QUOTE_CURRENCY_PRECISION(INTEGER) added to POSITIONS
&amp#27;[2m2025-03-25 05:43:04.816&amp#27;[0;39m &amp#27;[32m INFO&amp#27;[0;39m &amp#27;[35m94332&amp#27;[0;39m &amp#27;[2m---&amp#27;[0;39m &amp#27;[2m[           main]&amp#27;[0;39m &amp#27;[36mliquibase.changelog                     &amp#27;[0;39m &amp#27;[2m:&amp#27;[0;39m Data updated in POSITIONS
&amp#27;[2m2025-03-25 05:43:04.817&amp#27;[0;39m &amp#27;[32m INFO&amp#27;[0;39m &amp#27;[35m94332&amp#27;[0;39m &amp#27;[2m---&amp#27;[0;39m &amp#27;[2m[           main]&amp#27;[0;39m &amp#27;[36mliquibase.changelog                     &amp#27;[0;39m &amp#27;[2m:&amp#27;[0;39m Columns AUTO_CLOSE(boolean) added to POSITIONS
&amp#27;[2m2025-03-25 05:43:04.818&amp#27;[0;39m &amp#27;[32m INFO&amp#27;[0;39m &amp#27;[35m94332&amp#27;[0;39m &amp#27;[2m---&amp#27;[0;39m &amp#27;[2m[           main]&amp#27;[0;39m &amp#27;[36mliquibase.changelog                     &amp#27;[0;39m &amp#27;[2m:&amp#27;[0;39m Data updated in POSITIONS
&amp#27;[2m2025-03-25 05:43:04.818&amp#27;[0;39m &amp#27;[32m INFO&amp#27;[0;39m &amp#27;[35m94332&amp#27;[0;39m &amp#27;[2m---&amp#27;[0;39m &amp#27;[2m[           main]&amp#27;[0;39m &amp#27;[36mliquibase.changelog                     &amp#27;[0;39m &amp#27;[2m:&amp#27;[0;39m ChangeSet db/changelog/db.changelog-5.0.8.xml::changelog-5.0.8::straumat ran successfully in 4ms
Running Changeset: db/changelog/db.changelog-5.1.0.xml::changelog-5.1.0::straumat
&amp#27;[2m2025-03-25 05:43:04.819&amp#27;[0;39m &amp#27;[32m INFO&amp#27;[0;39m &amp#27;[35m94332&amp#27;[0;39m &amp#27;[2m---&amp#27;[0;39m &amp#27;[2m[           main]&amp#27;[0;39m &amp#27;[36mliquibase.changelog                     &amp#27;[0;39m &amp#27;[2m:&amp#27;[0;39m Column STRATEGIES.ID renamed to UID
&amp#27;[2m2025-03-25 05:43:04.819&amp#27;[0;39m &amp#27;[32m INFO&amp#27;[0;39m &amp#27;[35m94332&amp#27;[0;39m &amp#27;[2m---&amp#27;[0;39m &amp#27;[2m[           main]&amp#27;[0;39m &amp#27;[36mliquibase.changelog                     &amp#27;[0;39m &amp#27;[2m:&amp#27;[0;39m Column POSITIONS.ID renamed to UID
&amp#27;[2m2025-03-25 05:43:04.820&amp#27;[0;39m &amp#27;[32m INFO&amp#27;[0;39m &amp#27;[35m94332&amp#27;[0;39m &amp#27;[2m---&amp#27;[0;39m &amp#27;[2m[           main]&amp#27;[0;39m &amp#27;[36mliquibase.changelog                     &amp#27;[0;39m &amp#27;[2m:&amp#27;[0;39m Column ORDERS.ID renamed to UID
&amp#27;[2m2025-03-25 05:43:04.820&amp#27;[0;39m &amp#27;[32m INFO&amp#27;[0;39m &amp#27;[35m94332&amp#27;[0;39m &amp#27;[2m---&amp#27;[0;39m &amp#27;[2m[           main]&amp#27;[0;39m &amp#27;[36mliquibase.changelog                     &amp#27;[0;39m &amp#27;[2m:&amp#27;[0;39m Column TRADES.ID renamed to UID
&amp#27;[2m2025-03-25 05:43:04.820&amp#27;[0;39m &amp#27;[32m INFO&amp#27;[0;39m &amp#27;[35m94332&amp#27;[0;39m &amp#27;[2m---&amp#27;[0;39m &amp#27;[2m[           main]&amp#27;[0;39m &amp#27;[36mliquibase.changelog                     &amp#27;[0;39m &amp#27;[2m:&amp#27;[0;39m Column IMPORTED_TICKERS.ID renamed to UID
&amp#27;[2m2025-03-25 05:43:04.821&amp#27;[0;39m &amp#27;[32m INFO&amp#27;[0;39m &amp#27;[35m94332&amp#27;[0;39m &amp#27;[2m---&amp#27;[0;39m &amp#27;[2m[           main]&amp#27;[0;39m &amp#27;[36mliquibase.changelog                     &amp#27;[0;39m &amp#27;[2m:&amp#27;[0;39m Column POSITIONS.FK_STRATEGY_ID renamed to FK_STRATEGY_UID
&amp#27;[2m2025-03-25 05:43:04.821&amp#27;[0;39m &amp#27;[32m INFO&amp#27;[0;39m &amp#27;[35m94332&amp#27;[0;39m &amp#27;[2m---&amp#27;[0;39m &amp#27;[2m[           main]&amp#27;[0;39m &amp#27;[36mliquibase.changelog                     &amp#27;[0;39m &amp#27;[2m:&amp#27;[0;39m Column POSITIONS.FK_OPENING_ORDER_ID renamed to FK_OPENING_ORDER_UID
&amp#27;[2m2025-03-25 05:43:04.821&amp#27;[0;39m &amp#27;[32m INFO&amp#27;[0;39m &amp#27;[35m94332&amp#27;[0;39m &amp#27;[2m---&amp#27;[0;39m &amp#27;[2m[           main]&amp#27;[0;39m &amp#27;[36mliquibase.changelog                     &amp#27;[0;39m &amp#27;[2m:&amp#27;[0;39m Column POSITIONS.FK_CLOSING_ORDER_ID renamed to FK_CLOSING_ORDER_UID
&amp#27;[2m2025-03-25 05:43:04.821&amp#27;[0;39m &amp#27;[32m INFO&amp#27;[0;39m &amp#27;[35m94332&amp#27;[0;39m &amp#27;[2m---&amp#27;[0;39m &amp#27;[2m[           main]&amp#27;[0;39m &amp#27;[36mliquibase.changelog                     &amp#27;[0;39m &amp#27;[2m:&amp#27;[0;39m Column ORDERS.FK_STRATEGY_ID renamed to FK_STRATEGY_UID
&amp#27;[2m2025-03-25 05:43:04.822&amp#27;[0;39m &amp#27;[32m INFO&amp#27;[0;39m &amp#27;[35m94332&amp#27;[0;39m &amp#27;[2m---&amp#27;[0;39m &amp#27;[2m[           main]&amp#27;[0;39m &amp#27;[36mliquibase.changelog                     &amp#27;[0;39m &amp#27;[2m:&amp#27;[0;39m Column TRADES.FK_ORDER_ID renamed to FK_ORDER_UID
&amp#27;[2m2025-03-25 05:43:04.822&amp#27;[0;39m &amp#27;[32m INFO&amp#27;[0;39m &amp#27;[35m94332&amp#27;[0;39m &amp#27;[2m---&amp#27;[0;39m &amp#27;[2m[           main]&amp#27;[0;39m &amp#27;[36mliquibase.changelog                     &amp#27;[0;39m &amp#27;[2m:&amp#27;[0;39m ChangeSet db/changelog/db.changelog-5.1.0.xml::changelog-5.1.0::straumat ran successfully in 4ms
Running Changeset: db/changelog/db.changelog-6.0.0.xml::changelog-6.0.0::straumat
&amp#27;[2m2025-03-25 05:43:04.823&amp#27;[0;39m &amp#27;[32m INFO&amp#27;[0;39m &amp#27;[35m94332&amp#27;[0;39m &amp#27;[2m---&amp#27;[0;39m &amp#27;[2m[           main]&amp#27;[0;39m &amp#27;[36mliquibase.changelog                     &amp#27;[0;39m &amp#27;[2m:&amp#27;[0;39m Column STRATEGIES.TYPE dropped
&amp#27;[2m2025-03-25 05:43:04.823&amp#27;[0;39m &amp#27;[32m INFO&amp#27;[0;39m &amp#27;[35m94332&amp#27;[0;39m &amp#27;[2m---&amp#27;[0;39m &amp#27;[2m[           main]&amp#27;[0;39m &amp#27;[36mliquibase.changelog                     &amp#27;[0;39m &amp#27;[2m:&amp#27;[0;39m Index IDX_BACKTESTING_TICKERS_RESPONSE_SEQUENCE_ID dropped from table BACKTESTING_TICKERS
&amp#27;[2m2025-03-25 05:43:04.823&amp#27;[0;39m &amp#27;[32m INFO&amp#27;[0;39m &amp#27;[35m94332&amp#27;[0;39m &amp#27;[2m---&amp#27;[0;39m &amp#27;[2m[           main]&amp#27;[0;39m &amp#27;[36mliquibase.changelog                     &amp#27;[0;39m &amp#27;[2m:&amp#27;[0;39m Table BACKTESTING_TICKERS dropped
&amp#27;[2m2025-03-25 05:43:04.825&amp#27;[0;39m &amp#27;[32m INFO&amp#27;[0;39m &amp#27;[35m94332&amp#27;[0;39m &amp#27;[2m---&amp#27;[0;39m &amp#27;[2m[           main]&amp#27;[0;39m &amp#27;[36mliquibase.changelog                     &amp#27;[0;39m &amp#27;[2m:&amp#27;[0;39m Table BACKTESTING_CANDLES created
&amp#27;[2m2025-03-25 05:43:04.826&amp#27;[0;39m &amp#27;[32m INFO&amp#27;[0;39m &amp#27;[35m94332&amp#27;[0;39m &amp#27;[2m---&amp#27;[0;39m &amp#27;[2m[           main]&amp#27;[0;39m &amp#27;[36mliquibase.changelog                     &amp#27;[0;39m &amp#27;[2m:&amp#27;[0;39m Index IDX_BACKTESTING_CANDLES_RESPONSE_SEQUENCE_ID created
&amp#27;[2m2025-03-25 05:43:04.827&amp#27;[0;39m &amp#27;[32m INFO&amp#27;[0;39m &amp#27;[35m94332&amp#27;[0;39m &amp#27;[2m---&amp#27;[0;39m &amp#27;[2m[           main]&amp#27;[0;39m &amp#27;[36mliquibase.changelog                     &amp#27;[0;39m &amp#27;[2m:&amp#27;[0;39m Table IMPORTED_CANDLES created
&amp#27;[2m2025-03-25 05:43:04.828&amp#27;[0;39m &amp#27;[32m INFO&amp#27;[0;39m &amp#27;[35m94332&amp#27;[0;39m &amp#27;[2m---&amp#27;[0;39m &amp#27;[2m[           main]&amp#27;[0;39m &amp#27;[36mliquibase.changelog                     &amp#27;[0;39m &amp#27;[2m:&amp#27;[0;39m Index IDX_IMPORTED_CANDLES_CURRENCY_PAIR_AND_TIMESTAMP created
&amp#27;[2m2025-03-25 05:43:04.828&amp#27;[0;39m &amp#27;[32m INFO&amp#27;[0;39m &amp#27;[35m94332&amp#27;[0;39m &amp#27;[2m---&amp#27;[0;39m &amp#27;[2m[           main]&amp#27;[0;39m &amp#27;[36mliquibase.changelog                     &amp#27;[0;39m &amp#27;[2m:&amp#27;[0;39m ChangeSet db/changelog/db.changelog-6.0.0.xml::changelog-6.0.0::straumat ran successfully in 6ms
&amp#27;[2m2025-03-25 05:43:04.829&amp#27;[0;39m &amp#27;[32m INFO&amp#27;[0;39m &amp#27;[35m94332&amp#27;[0;39m &amp#27;[2m---&amp#27;[0;39m &amp#27;[2m[           main]&amp#27;[0;39m &amp#27;[36mliquibase.util                          &amp#27;[0;39m &amp#27;[2m:&amp#27;[0;39m UPDATE SUMMARY
&amp#27;[2m2025-03-25 05:43:04.830&amp#27;[0;39m &amp#27;[32m INFO&amp#27;[0;39m &amp#27;[35m94332&amp#27;[0;39m &amp#27;[2m---&amp#27;[0;39m &amp#27;[2m[           main]&amp#27;[0;39m &amp#27;[36mliquibase.util                          &amp#27;[0;39m &amp#27;[2m:&amp#27;[0;39m Run:                         10
&amp#27;[2m2025-03-25 05:43:04.830&amp#27;[0;39m &amp#27;[32m INFO&amp#27;[0;39m &amp#27;[35m94332&amp#27;[0;39m &amp#27;[2m---&amp#27;[0;39m &amp#27;[2m[           main]&amp#27;[0;39m &amp#27;[36mliquibase.util                          &amp#27;[0;39m &amp#27;[2m:&amp#27;[0;39m Previously run:               0
&amp#27;[2m2025-03-25 05:43:04.830&amp#27;[0;39m &amp#27;[32m INFO&amp#27;[0;39m &amp#27;[35m94332&amp#27;[0;39m &amp#27;[2m---&amp#27;[0;39m &amp#27;[2m[           main]&amp#27;[0;39m &amp#27;[36mliquibase.util                          &amp#27;[0;39m &amp#27;[2m:&amp#27;[0;39m Filtered out:                 0
&amp#27;[2m2025-03-25 05:43:04.830&amp#27;[0;39m &amp#27;[32m INFO&amp#27;[0;39m &amp#27;[35m94332&amp#27;[0;39m &amp#27;[2m---&amp#27;[0;39m &amp#27;[2m[           main]&amp#27;[0;39m &amp#27;[36mliquibase.util                          &amp#27;[0;39m &amp#27;[2m:&amp#27;[0;39m -------------------------------
&amp#27;[2m2025-03-25 05:43:04.830&amp#27;[0;39m &amp#27;[32m INFO&amp#27;[0;39m &amp#27;[35m94332&amp#27;[0;39m &amp#27;[2m---&amp#27;[0;39m &amp#27;[2m[           main]&amp#27;[0;39m &amp#27;[36mliquibase.util                          &amp#27;[0;39m &amp#27;[2m:&amp#27;[0;39m Total change sets:           10


UPDATE SUMMARY
Run:                         10
Previously run:               0
Filtered out:                 0
-------------------------------
Total change sets:           10

&amp#27;[2m2025-03-25 05:43:04.830&amp#27;[0;39m &amp#27;[32m INFO&amp#27;[0;39m &amp#27;[35m94332&amp#27;[0;39m &amp#27;[2m---&amp#27;[0;39m &amp#27;[2m[           main]&amp#27;[0;39m &amp#27;[36mliquibase.util                          &amp#27;[0;39m &amp#27;[2m:&amp#27;[0;39m Update summary generated
&amp#27;[2m2025-03-25 05:43:04.830&amp#27;[0;39m &amp#27;[32m INFO&amp#27;[0;39m &amp#27;[35m94332&amp#27;[0;39m &amp#27;[2m---&amp#27;[0;39m &amp#27;[2m[           main]&amp#27;[0;39m &amp#27;[36mliquibase.command                       &amp#27;[0;39m &amp#27;[2m:&amp#27;[0;39m Update command completed successfully.
Liquibase: Update has been successful.
&amp#27;[2m2025-03-25 05:43:04.831&amp#27;[0;39m &amp#27;[32m INFO&amp#27;[0;39m &amp#27;[35m94332&amp#27;[0;39m &amp#27;[2m---&amp#27;[0;39m &amp#27;[2m[           main]&amp#27;[0;39m &amp#27;[36mliquibase.lockservice                   &amp#27;[0;39m &amp#27;[2m:&amp#27;[0;39m Successfully released change log lock
&amp#27;[2m2025-03-25 05:43:04.833&amp#27;[0;39m &amp#27;[32m INFO&amp#27;[0;39m &amp#27;[35m94332&amp#27;[0;39m &amp#27;[2m---&amp#27;[0;39m &amp#27;[2m[           main]&amp#27;[0;39m &amp#27;[36mliquibase.lockservice                   &amp#27;[0;39m &amp#27;[2m:&amp#27;[0;39m Successfully released change log lock
&amp#27;[2m2025-03-25 05:43:04.833&amp#27;[0;39m &amp#27;[32m INFO&amp#27;[0;39m &amp#27;[35m94332&amp#27;[0;39m &amp#27;[2m---&amp#27;[0;39m &amp#27;[2m[           main]&amp#27;[0;39m &amp#27;[36mliquibase.command                       &amp#27;[0;39m &amp#27;[2m:&amp#27;[0;39m Command execution complete
&amp#27;[2m2025-03-25 05:43:04.908&amp#27;[0;39m &amp#27;[32m INFO&amp#27;[0;39m &amp#27;[35m94332&amp#27;[0;39m &amp#27;[2m---&amp#27;[0;39m &amp#27;[2m[           main]&amp#27;[0;39m &amp#27;[36mo.hibernate.jpa.internal.util.LogHelper &amp#27;[0;39m &amp#27;[2m:&amp#27;[0;39m HHH000204: Processing PersistenceUnitInfo [name: default]
&amp#27;[2m2025-03-25 05:43:04.940&amp#27;[0;39m &amp#27;[32m INFO&amp#27;[0;39m &amp#27;[35m94332&amp#27;[0;39m &amp#27;[2m---&amp#27;[0;39m &amp#27;[2m[           main]&amp#27;[0;39m &amp#27;[36morg.hibernate.Version                   &amp#27;[0;39m &amp#27;[2m:&amp#27;[0;39m HHH000412: Hibernate ORM core version 5.6.15.Final
&amp#27;[2m2025-03-25 05:43:05.019&amp#27;[0;39m &amp#27;[32m INFO&amp#27;[0;39m &amp#27;[35m94332&amp#27;[0;39m &amp#27;[2m---&amp#27;[0;39m &amp#27;[2m[           main]&amp#27;[0;39m &amp#27;[36mo.hibernate.annotations.common.Version  &amp#27;[0;39m &amp#27;[2m:&amp#27;[0;39m HCANN000001: Hibernate Commons Annotations {5.1.2.Final}
&amp#27;[2m2025-03-25 05:43:05.070&amp#27;[0;39m &amp#27;[32m INFO&amp#27;[0;39m &amp#27;[35m94332&amp#27;[0;39m &amp#27;[2m---&amp#27;[0;39m &amp#27;[2m[           main]&amp#27;[0;39m &amp#27;[36morg.hibernate.dialect.Dialect           &amp#27;[0;39m &amp#27;[2m:&amp#27;[0;39m HHH000400: Using dialect: org.hibernate.dialect.HSQLDialect
&amp#27;[2m2025-03-25 05:43:05.412&amp#27;[0;39m &amp#27;[32m INFO&amp#27;[0;39m &amp#27;[35m94332&amp#27;[0;39m &amp#27;[2m---&amp#27;[0;39m &amp#27;[2m[           main]&amp#27;[0;39m &amp#27;[36mo.h.e.t.j.p.i.JtaPlatformInitiator      &amp#27;[0;39m &amp#27;[2m:&amp#27;[0;39m HHH000490: Using JtaPlatform implementation: [org.hibernate.engine.transaction.jta.platform.internal.NoJtaPlatform]
&amp#27;[2m2025-03-25 05:43:05.416&amp#27;[0;39m &amp#27;[32m INFO&amp#27;[0;39m &amp#27;[35m94332&amp#27;[0;39m &amp#27;[2m---&amp#27;[0;39m &amp#27;[2m[           main]&amp#27;[0;39m &amp#27;[36mj.LocalContainerEntityManagerFactoryBean&amp#27;[0;39m &amp#27;[2m:&amp#27;[0;39m Initialized JPA EntityManagerFactory for persistence unit 'default'
&amp#27;[2m2025-03-25 05:43:05.839&amp#27;[0;39m &amp#27;[32m INFO&amp#27;[0;39m &amp#27;[35m94332&amp#27;[0;39m &amp#27;[2m---&amp#27;[0;39m &amp#27;[2m[           main]&amp#27;[0;39m &amp#27;[36mo.k.xchange.simulated.SimulatedExchange &amp#27;[0;39m &amp#27;[2m:&amp#27;[0;39m Calling Remote Init...
&amp#27;[2m2025-03-25 05:43:05.840&amp#27;[0;39m &amp#27;[32m INFO&amp#27;[0;39m &amp#27;[35m94332&amp#27;[0;39m &amp#27;[2m---&amp#27;[0;39m &amp#27;[2m[           main]&amp#27;[0;39m &amp#27;[36muration$$EnhancerBySpringCGLIB$$6fbda639&amp#27;[0;39m &amp#27;[2m:&amp#27;[0;39m Exchange connection with driver org.knowm.xchange.simulated.SimulatedExchange
&amp#27;[2m2025-03-25 05:43:05.844&amp#27;[0;39m &amp#27;[32m INFO&amp#27;[0;39m &amp#27;[35m94332&amp#27;[0;39m &amp#27;[2m---&amp#27;[0;39m &amp#27;[2m[           main]&amp#27;[0;39m &amp#27;[36muration$$EnhancerBySpringCGLIB$$6fbda639&amp#27;[0;39m &amp#27;[2m:&amp#27;[0;39m Exchange connection successful with username kucoin.cassandre.test@gmail.com (Dry mode: true / Sandbox: true)
&amp#27;[2m2025-03-25 05:43:05.908&amp#27;[0;39m &amp#27;[33m WARN&amp#27;[0;39m &amp#27;[35m94332&amp#27;[0;39m &amp#27;[2m---&amp#27;[0;39m &amp#27;[2m[           main]&amp#27;[0;39m &amp#27;[36mo.h.engine.jdbc.spi.SqlExceptionHelper  &amp#27;[0;39m &amp#27;[2m:&amp#27;[0;39m SQL Warning Code: -1100, SQLState: 02000
&amp#27;[2m2025-03-25 05:43:05.908&amp#27;[0;39m &amp#27;[33m WARN&amp#27;[0;39m &amp#27;[35m94332&amp#27;[0;39m &amp#27;[2m---&amp#27;[0;39m &amp#27;[2m[           main]&amp#27;[0;39m &amp#27;[36mo.h.engine.jdbc.spi.SqlExceptionHelper  &amp#27;[0;39m &amp#27;[2m:&amp#27;[0;39m no data
&amp#27;[2m2025-03-25 05:43:05.908&amp#27;[0;39m &amp#27;[32m INFO&amp#27;[0;39m &amp#27;[35m94332&amp#27;[0;39m &amp#27;[2m---&amp#27;[0;39m &amp#27;[2m[           main]&amp#27;[0;39m &amp#27;[36mluxMock$$EnhancerBySpringCGLIB$$571bc54e&amp#27;[0;39m &amp#27;[2m:&amp#27;[0;39m Importing candles for backtesting...
&amp#27;[2m2025-03-25 05:43:06.044&amp#27;[0;39m &amp#27;[32m INFO&amp#27;[0;39m &amp#27;[35m94332&amp#27;[0;39m &amp#27;[2m---&amp#27;[0;39m &amp#27;[2m[           main]&amp#27;[0;39m &amp#27;[36mluxMock$$EnhancerBySpringCGLIB$$571bc54e&amp#27;[0;39m &amp#27;[2m:&amp#27;[0;39m Importing candles-for-backtesting-BTC-USDT.csv...
&amp#27;[2m2025-03-25 05:43:06.249&amp#27;[0;39m &amp#27;[33m WARN&amp#27;[0;39m &amp#27;[35m94332&amp#27;[0;39m &amp#27;[2m---&amp#27;[0;39m &amp#27;[2m[           main]&amp#27;[0;39m &amp#27;[36mJpaBaseConfiguration$JpaWebConfiguration&amp#27;[0;39m &amp#27;[2m:&amp#27;[0;39m spring.jpa.open-in-view is enabled by default. Therefore, database queries may be performed during view rendering. Explicitly configure spring.jpa.open-in-view to disable this warning
&amp#27;[2m2025-03-25 05:43:06.265&amp#27;[0;39m &amp#27;[33m WARN&amp#27;[0;39m &amp#27;[35m94332&amp#27;[0;39m &amp#27;[2m---&amp#27;[0;39m &amp#27;[2m[           main]&amp#27;[0;39m &amp#27;[36m.s.s.UserDetailsServiceAutoConfiguration&amp#27;[0;39m &amp#27;[2m:&amp#27;[0;39m 

Using generated security password: 9ad9e5e2-1a9b-4bed-8fb0-f1eb5457857e

This generated password is for development use only. Your security configuration must be updated before running your application in production.

&amp#27;[2m2025-03-25 05:43:06.317&amp#27;[0;39m &amp#27;[32m INFO&amp#27;[0;39m &amp#27;[35m94332&amp#27;[0;39m &amp#27;[2m---&amp#27;[0;39m &amp#27;[2m[           main]&amp#27;[0;39m &amp#27;[36mo.s.s.web.DefaultSecurityFilterChain    &amp#27;[0;39m &amp#27;[2m:&amp#27;[0;39m Will secure Ant [pattern='/graphql/**'] with [org.springframework.security.web.session.DisableEncodeUrlFilter@49e3b86b, org.springframework.security.web.context.request.async.WebAsyncManagerIntegrationFilter@64b262a7, org.springframework.security.web.context.SecurityContextPersistenceFilter@795ef208, org.springframework.security.web.header.HeaderWriterFilter@4c8ab21f, org.springframework.security.web.authentication.logout.LogoutFilter@3821a012, org.springframework.security.web.savedrequest.RequestCacheAwareFilter@8c940e2, org.springframework.security.web.servletapi.SecurityContextHolderAwareRequestFilter@7c7478ac, org.springframework.security.web.authentication.AnonymousAuthenticationFilter@771c4015, org.springframework.security.web.session.SessionManagementFilter@1ac32da1, org.springframework.security.web.access.ExceptionTranslationFilter@77b6d94c, org.springframework.security.web.access.intercept.FilterSecurityInterceptor@16337c8e]
&amp#27;[2m2025-03-25 05:43:06.508&amp#27;[0;39m &amp#27;[32m INFO&amp#27;[0;39m &amp#27;[35m94332&amp#27;[0;39m &amp#27;[2m---&amp#27;[0;39m &amp#27;[2m[           main]&amp#27;[0;39m &amp#27;[36mc.n.g.d.w.a.GraphiQLConfigurer          &amp#27;[0;39m &amp#27;[2m:&amp#27;[0;39m Configuring GraphiQL to use GraphQL endpoint at '/graphql'
&amp#27;[2m2025-03-25 05:43:06.984&amp#27;[0;39m &amp#27;[32m INFO&amp#27;[0;39m &amp#27;[35m94332&amp#27;[0;39m &amp#27;[2m---&amp#27;[0;39m &amp#27;[2m[           main]&amp#27;[0;39m &amp#27;[36mguration$$EnhancerBySpringCGLIB$$8bab48b&amp#27;[0;39m &amp#27;[2m:&amp#27;[0;39m Supported currency pairs by the exchange: BTC/USDT
&amp#27;[2m2025-03-25 05:43:07.011&amp#27;[0;39m &amp#27;[32m INFO&amp#27;[0;39m &amp#27;[35m94332&amp#27;[0;39m &amp#27;[2m---&amp#27;[0;39m &amp#27;[2m[           main]&amp#27;[0;39m &amp#27;[36mt.c.t.b.util.dry.UserServiceDryModeAOP  &amp#27;[0;39m &amp#27;[2m:&amp#27;[0;39m Adding account 'main'
&amp#27;[2m2025-03-25 05:43:07.011&amp#27;[0;39m &amp#27;[32m INFO&amp#27;[0;39m &amp#27;[35m94332&amp#27;[0;39m &amp#27;[2m---&amp#27;[0;39m &amp#27;[2m[           main]&amp#27;[0;39m &amp#27;[36mt.c.t.b.util.dry.UserServiceDryModeAOP  &amp#27;[0;39m &amp#27;[2m:&amp#27;[0;39m - Adding balance 99.0001 BTC
&amp#27;[2m2025-03-25 05:43:07.011&amp#27;[0;39m &amp#27;[32m INFO&amp#27;[0;39m &amp#27;[35m94332&amp#27;[0;39m &amp#27;[2m---&amp#27;[0;39m &amp#27;[2m[           main]&amp#27;[0;39m &amp#27;[36mt.c.t.b.util.dry.UserServiceDryModeAOP  &amp#27;[0;39m &amp#27;[2m:&amp#27;[0;39m Adding account 'savings'
&amp#27;[2m2025-03-25 05:43:07.012&amp#27;[0;39m &amp#27;[32m INFO&amp#27;[0;39m &amp#27;[35m94332&amp#27;[0;39m &amp#27;[2m---&amp#27;[0;39m &amp#27;[2m[           main]&amp#27;[0;39m &amp#27;[36mt.c.t.b.util.dry.UserServiceDryModeAOP  &amp#27;[0;39m &amp#27;[2m:&amp#27;[0;39m - Adding balance 1.1 BTC
&amp#27;[2m2025-03-25 05:43:07.012&amp#27;[0;39m &amp#27;[32m INFO&amp#27;[0;39m &amp#27;[35m94332&amp#27;[0;39m &amp#27;[2m---&amp#27;[0;39m &amp#27;[2m[           main]&amp#27;[0;39m &amp#27;[36mt.c.t.b.util.dry.UserServiceDryModeAOP  &amp#27;[0;39m &amp#27;[2m:&amp#27;[0;39m - Adding balance 2.2 USDT
&amp#27;[2m2025-03-25 05:43:07.012&amp#27;[0;39m &amp#27;[32m INFO&amp#27;[0;39m &amp#27;[35m94332&amp#27;[0;39m &amp#27;[2m---&amp#27;[0;39m &amp#27;[2m[           main]&amp#27;[0;39m &amp#27;[36mt.c.t.b.util.dry.UserServiceDryModeAOP  &amp#27;[0;39m &amp#27;[2m:&amp#27;[0;39m - Adding balance 3.3 ETH
&amp#27;[2m2025-03-25 05:43:07.012&amp#27;[0;39m &amp#27;[32m INFO&amp#27;[0;39m &amp#27;[35m94332&amp#27;[0;39m &amp#27;[2m---&amp#27;[0;39m &amp#27;[2m[           main]&amp#27;[0;39m &amp#27;[36mt.c.t.b.util.dry.UserServiceDryModeAOP  &amp#27;[0;39m &amp#27;[2m:&amp#27;[0;39m Adding account 'trade'
&amp#27;[2m2025-03-25 05:43:07.012&amp#27;[0;39m &amp#27;[32m INFO&amp#27;[0;39m &amp#27;[35m94332&amp#27;[0;39m &amp#27;[2m---&amp#27;[0;39m &amp#27;[2m[           main]&amp#27;[0;39m &amp#27;[36mt.c.t.b.util.dry.UserServiceDryModeAOP  &amp#27;[0;39m &amp#27;[2m:&amp#27;[0;39m - Adding balance 0.99962937 BTC
&amp#27;[2m2025-03-25 05:43:07.012&amp#27;[0;39m &amp#27;[32m INFO&amp#27;[0;39m &amp#27;[35m94332&amp#27;[0;39m &amp#27;[2m---&amp#27;[0;39m &amp#27;[2m[           main]&amp#27;[0;39m &amp#27;[36mt.c.t.b.util.dry.UserServiceDryModeAOP  &amp#27;[0;39m &amp#27;[2m:&amp#27;[0;39m - Adding balance 1000 USDT
&amp#27;[2m2025-03-25 05:43:07.012&amp#27;[0;39m &amp#27;[32m INFO&amp#27;[0;39m &amp#27;[35m94332&amp#27;[0;39m &amp#27;[2m---&amp#27;[0;39m &amp#27;[2m[           main]&amp#27;[0;39m &amp#27;[36mt.c.t.b.util.dry.UserServiceDryModeAOP  &amp#27;[0;39m &amp#27;[2m:&amp#27;[0;39m - Adding balance 10 ETH
&amp#27;[2m2025-03-25 05:43:07.017&amp#27;[0;39m &amp#27;[32m INFO&amp#27;[0;39m &amp#27;[35m94332&amp#27;[0;39m &amp#27;[2m---&amp#27;[0;39m &amp#27;[2m[           main]&amp#27;[0;39m &amp#27;[36mguration$$EnhancerBySpringCGLIB$$8bab48b&amp#27;[0;39m &amp#27;[2m:&amp#27;[0;39m Accounts available on the exchange:
&amp#27;[2m2025-03-25 05:43:07.017&amp#27;[0;39m &amp#27;[32m INFO&amp#27;[0;39m &amp#27;[35m94332&amp#27;[0;39m &amp#27;[2m---&amp#27;[0;39m &amp#27;[2m[           main]&amp#27;[0;39m &amp#27;[36mguration$$EnhancerBySpringCGLIB$$8bab48b&amp#27;[0;39m &amp#27;[2m:&amp#27;[0;39m - Account id / name: trade / trade
&amp#27;[2m2025-03-25 05:43:07.017&amp#27;[0;39m &amp#27;[32m INFO&amp#27;[0;39m &amp#27;[35m94332&amp#27;[0;39m &amp#27;[2m---&amp#27;[0;39m &amp#27;[2m[           main]&amp#27;[0;39m &amp#27;[36mguration$$EnhancerBySpringCGLIB$$8bab48b&amp#27;[0;39m &amp#27;[2m:&amp#27;[0;39m  - 1000 USDT
&amp#27;[2m2025-03-25 05:43:07.017&amp#27;[0;39m &amp#27;[32m INFO&amp#27;[0;39m &amp#27;[35m94332&amp#27;[0;39m &amp#27;[2m---&amp#27;[0;39m &amp#27;[2m[           main]&amp#27;[0;39m &amp#27;[36mguration$$EnhancerBySpringCGLIB$$8bab48b&amp#27;[0;39m &amp#27;[2m:&amp#27;[0;39m  - 10 ETH
&amp#27;[2m2025-03-25 05:43:07.017&amp#27;[0;39m &amp#27;[32m INFO&amp#27;[0;39m &amp#27;[35m94332&amp#27;[0;39m &amp#27;[2m---&amp#27;[0;39m &amp#27;[2m[           main]&amp#27;[0;39m &amp#27;[36mguration$$EnhancerBySpringCGLIB$$8bab48b&amp#27;[0;39m &amp#27;[2m:&amp#27;[0;39m  - 0.99962937 BTC
&amp#27;[2m2025-03-25 05:43:07.017&amp#27;[0;39m &amp#27;[32m INFO&amp#27;[0;39m &amp#27;[35m94332&amp#27;[0;39m &amp#27;[2m---&amp#27;[0;39m &amp#27;[2m[           main]&amp#27;[0;39m &amp#27;[36mguration$$EnhancerBySpringCGLIB$$8bab48b&amp#27;[0;39m &amp#27;[2m:&amp#27;[0;39m - Account id / name: main / main
&amp#27;[2m2025-03-25 05:43:07.017&amp#27;[0;39m &amp#27;[32m INFO&amp#27;[0;39m &amp#27;[35m94332&amp#27;[0;39m &amp#27;[2m---&amp#27;[0;39m &amp#27;[2m[           main]&amp#27;[0;39m &amp#27;[36mguration$$EnhancerBySpringCGLIB$$8bab48b&amp#27;[0;39m &amp#27;[2m:&amp#27;[0;39m  - 99.0001 BTC
&amp#27;[2m2025-03-25 05:43:07.017&amp#27;[0;39m &amp#27;[32m INFO&amp#27;[0;39m &amp#27;[35m94332&amp#27;[0;39m &amp#27;[2m---&amp#27;[0;39m &amp#27;[2m[           main]&amp#27;[0;39m &amp#27;[36mguration$$EnhancerBySpringCGLIB$$8bab48b&amp#27;[0;39m &amp#27;[2m:&amp#27;[0;39m - Account id / name: savings / savings
&amp#27;[2m2025-03-25 05:43:07.017&amp#27;[0;39m &amp#27;[32m INFO&amp#27;[0;39m &amp#27;[35m94332&amp#27;[0;39m &amp#27;[2m---&amp#27;[0;39m &amp#27;[2m[           main]&amp#27;[0;39m &amp#27;[36mguration$$EnhancerBySpringCGLIB$$8bab48b&amp#27;[0;39m &amp#27;[2m:&amp#27;[0;39m  - 1.1 BTC
&amp#27;[2m2025-03-25 05:43:07.017&amp#27;[0;39m &amp#27;[32m INFO&amp#27;[0;39m &amp#27;[35m94332&amp#27;[0;39m &amp#27;[2m---&amp#27;[0;39m &amp#27;[2m[           main]&amp#27;[0;39m &amp#27;[36mguration$$EnhancerBySpringCGLIB$$8bab48b&amp#27;[0;39m &amp#27;[2m:&amp#27;[0;39m  - 3.3 ETH
&amp#27;[2m2025-03-25 05:43:07.017&amp#27;[0;39m &amp#27;[32m INFO&amp#27;[0;39m &amp#27;[35m94332&amp#27;[0;39m &amp#27;[2m---&amp#27;[0;39m &amp#27;[2m[           main]&amp#27;[0;39m &amp#27;[36mguration$$EnhancerBySpringCGLIB$$8bab48b&amp#27;[0;39m &amp#27;[2m:&amp#27;[0;39m  - 2.2 USDT
&amp#27;[2m2025-03-25 05:43:07.043&amp#27;[0;39m &amp#27;[33m WARN&amp#27;[0;39m &amp#27;[35m94332&amp#27;[0;39m &amp#27;[2m---&amp#27;[0;39m &amp#27;[2m[           main]&amp#27;[0;39m &amp#27;[36mo.h.engine.jdbc.spi.SqlExceptionHelper  &amp#27;[0;39m &amp#27;[2m:&amp#27;[0;39m SQL Warning Code: -1100, SQLState: 02000
&amp#27;[2m2025-03-25 05:43:07.043&amp#27;[0;39m &amp#27;[33m WARN&amp#27;[0;39m &amp#27;[35m94332&amp#27;[0;39m &amp#27;[2m---&amp#27;[0;39m &amp#27;[2m[           main]&amp#27;[0;39m &amp#27;[36mo.h.engine.jdbc.spi.SqlExceptionHelper  &amp#27;[0;39m &amp#27;[2m:&amp#27;[0;39m no data
&amp#27;[2m2025-03-25 05:43:07.043&amp#27;[0;39m &amp#27;[32m INFO&amp#27;[0;39m &amp#27;[35m94332&amp#27;[0;39m &amp#27;[2m---&amp#27;[0;39m &amp#27;[2m[           main]&amp#27;[0;39m &amp#27;[36mguration$$EnhancerBySpringCGLIB$$8bab48b&amp#27;[0;39m &amp#27;[2m:&amp#27;[0;39m Importing tickers...
&amp#27;[2m2025-03-25 05:43:07.088&amp#27;[0;39m &amp#27;[32m INFO&amp#27;[0;39m &amp#27;[35m94332&amp#27;[0;39m &amp#27;[2m---&amp#27;[0;39m &amp#27;[2m[           main]&amp#27;[0;39m &amp#27;[36mguration$$EnhancerBySpringCGLIB$$8bab48b&amp#27;[0;39m &amp#27;[2m:&amp#27;[0;39m 0 tickers imported
&amp#27;[2m2025-03-25 05:43:07.089&amp#27;[0;39m &amp#27;[33m WARN&amp#27;[0;39m &amp#27;[35m94332&amp#27;[0;39m &amp#27;[2m---&amp#27;[0;39m &amp#27;[2m[           main]&amp#27;[0;39m &amp#27;[36mo.h.engine.jdbc.spi.SqlExceptionHelper  &amp#27;[0;39m &amp#27;[2m:&amp#27;[0;39m SQL Warning Code: -1100, SQLState: 02000
&amp#27;[2m2025-03-25 05:43:07.089&amp#27;[0;39m &amp#27;[33m WARN&amp#27;[0;39m &amp#27;[35m94332&amp#27;[0;39m &amp#27;[2m---&amp#27;[0;39m &amp#27;[2m[           main]&amp#27;[0;39m &amp#27;[36mo.h.engine.jdbc.spi.SqlExceptionHelper  &amp#27;[0;39m &amp#27;[2m:&amp#27;[0;39m no data
&amp#27;[2m2025-03-25 05:43:07.089&amp#27;[0;39m &amp#27;[32m INFO&amp#27;[0;39m &amp#27;[35m94332&amp#27;[0;39m &amp#27;[2m---&amp#27;[0;39m &amp#27;[2m[           main]&amp#27;[0;39m &amp#27;[36mguration$$EnhancerBySpringCGLIB$$8bab48b&amp#27;[0;39m &amp#27;[2m:&amp#27;[0;39m Importing candles...
&amp#27;[2m2025-03-25 05:43:07.137&amp#27;[0;39m &amp#27;[32m INFO&amp#27;[0;39m &amp#27;[35m94332&amp#27;[0;39m &amp#27;[2m---&amp#27;[0;39m &amp#27;[2m[           main]&amp#27;[0;39m &amp#27;[36mguration$$EnhancerBySpringCGLIB$$8bab48b&amp#27;[0;39m &amp#27;[2m:&amp#27;[0;39m 0 candles imported
&amp#27;[2m2025-03-25 05:43:07.139&amp#27;[0;39m &amp#27;[32m INFO&amp#27;[0;39m &amp#27;[35m94332&amp#27;[0;39m &amp#27;[2m---&amp#27;[0;39m &amp#27;[2m[           main]&amp#27;[0;39m &amp#27;[36mguration$$EnhancerBySpringCGLIB$$8bab48b&amp#27;[0;39m &amp#27;[2m:&amp#27;[0;39m Running the following strategies:
&amp#27;[2m2025-03-25 05:43:07.140&amp#27;[0;39m &amp#27;[32m INFO&amp#27;[0;39m &amp#27;[35m94332&amp#27;[0;39m &amp#27;[2m---&amp#27;[0;39m &amp#27;[2m[           main]&amp#27;[0;39m &amp#27;[36mguration$$EnhancerBySpringCGLIB$$8bab48b&amp#27;[0;39m &amp#27;[2m:&amp#27;[0;39m - Strategy '1/Simple strategy' (requires BTC/USDT)
&amp#27;[2m2025-03-25 05:43:07.196&amp#27;[0;39m &amp#27;[32m INFO&amp#27;[0;39m &amp#27;[35m94332&amp#27;[0;39m &amp#27;[2m---&amp#27;[0;39m &amp#27;[2m[           main]&amp#27;[0;39m &amp#27;[36mc.a.tradingbot.SimpleStrategyTest       &amp#27;[0;39m &amp#27;[2m:&amp#27;[0;39m Started SimpleStrategyTest in 4.218 seconds (JVM running for 4.71)

Gains by position

Global gains
]]></system-out>
  </testcase>
</testsuite>